(
(class(Identifier,felanJaa)
((ACCESS_MODIFIER_PUBLIC) method (Identifier,bedeEsmRo)

(StringType)
((return (Identifier,esm) )
)
)

((ACCESS_MODIFIER_PRIVATE) field (Identifier,esm) (StringType))
((ACCESS_MODIFIER_PUBLIC) method (Identifier,hasProfitForMe)
((Identifier,you):(UserDefined,felanAagha)) 
(UserDefined,boolean)
((if (|| (== (. (Identifier,felanAagha) (Identifier,makan))
 (StringValue,"oonjaa")) (== (. (Identifier,felanAagha) (Identifier,makan))
 (StringValue,"degarJaa")))
(return (BoolValue,true) )
(Skip)
)
(return (BoolValue,false) )
)
)

)(class(Identifier,felanAagha) (Identifier,felanJaa)
((ACCESS_MODIFIER_PUBLIC) field (Identifier,makan) (StringType))
((ACCESS_MODIFIER_PUBLIC) method (Identifier,boroBe)
((Identifier,jaa):(UserDefined,felanJaa)) 
(IntType)
((= (Identifier,esmesh) (. (Identifier,jaa) (Identifier,bedeEsmRo) ()))
(print (StringValue,"raftam be "))
(if (<> (Identifier,esmesh) (IntValue,2))
(
(return (IntValue,0) )
)
(return (IntValue,1) )
)
(print (Identifier,esmesh))
)
)

)(entry class(Identifier,donyaa)
((ACCESS_MODIFIER_PRIVATE) field (Identifier,felani) (UserDefined,felanAagha))
((ACCESS_MODIFIER_PRIVATE) field (Identifier,felanJaaHaa) (ArrayType,(UserDefined,felanJaa)))
((ACCESS_MODIFIER_PUBLIC) method (Identifier,main)

(IntType)
((= (Identifier,felani) (new (Identifier,felanAagha)))
(= (Identifier,felanJaaHaa) (new arrayof (UserDefined,felanJaa)(IntValue,20)))
(= (Identifier,i) (IntValue,0))
(while (< (Identifier,i) (. (Identifier,felanJaaHaa) (Identifier,length))
)(
(if (! (. ([] (Identifier,felanJaaHaa) (Identifier,i)) (Identifier,hasProfitForMe) ((Identifier,felani) (+ (Identifier,i) (* (IntValue,1) (IntValue,2))) )))
(Continue)(Skip)
)
(var (Identifier,a) (. (Identifier,felani) (Identifier,boroBe) (([] (Identifier,felanJaaHaa) (Identifier,i)) )))
(++ (Identifier,i))
)
)
(return (IntValue,0) )
)
)

))